2024-06-09T08:52:32  docs: expand examples
2024-06-29T15:09:39  test: strengthen coverage
2024-07-26T10:26:46  chore: tune defaults
2024-08-23T17:43:53  refactor: simplify helper
2024-09-19T12:00:00  chore: routine maintenance
2024-10-17T19:17:07  docs: clarify usage notes
2024-11-13T14:34:14  test: add edge case
2024-12-11T09:51:21  refactor: tidy internals
2024-12-14T16:08:28  fix: handle empty input gracefully
2025-01-28T11:25:35  perf: micro-optimization
2025-01-31T18:42:42  style: formatting
2025-02-28T13:59:49  chore: bump dev tooling
2025-03-27T08:16:56  docs: expand examples
2025-04-24T15:33:03  test: strengthen coverage
2025-05-21T10:50:10  chore: tune defaults
2025-06-18T17:07:17  refactor: simplify helper
2025-07-15T12:24:24  chore: routine maintenance
2025-08-11T19:41:31  docs: clarify usage notes
2025-09-01T14:58:38  test: add edge case
2025-09-28T09:15:45  refactor: tidy internals
2025-10-26T16:32:52  fix: handle empty input gracefully
2025-10-29T11:49:59  perf: micro-optimization
2025-11-26T18:06:06  style: formatting
2025-12-23T13:23:13  chore: bump dev tooling
2026-01-20T08:40:20  docs: expand examples
2026-02-16T15:57:27  test: strengthen coverage
2026-03-09T10:14:34  chore: tune defaults
2026-04-05T17:31:41  refactor: simplify helper
2026-05-03T12:48:48  chore: routine maintenance
2026-05-30T19:05:55  docs: clarify usage notes
2024-09-07T08:52:32  refactor: future me will understand this
2024-10-21T15:09:39  test: it's not flaky, you're flaky
2025-02-13T10:26:46  chore: routine maintenance
2025-06-08T17:43:53  docs: clarify usage notes
